1576982831403	mozrunner::runner	INFO	Running command: "/Applications/Firefox.app/Contents/MacOS/firefox-bin" "-marionette" "-headless" "-foreground" "-no-remote" "-profile" "/var/folders/9z/yxn1h2lj7cq937g8b1lcqn300000gn/T/rust_mozprofileP6QuPM"
*** You are running in headless mode.
1576982832507	addons.webextension.screenshots@mozilla.org	WARN	Loading extension 'screenshots@mozilla.org': Reading manifest: Invalid extension permission: mozillaAddons
1576982832507	addons.webextension.screenshots@mozilla.org	WARN	Loading extension 'screenshots@mozilla.org': Reading manifest: Invalid extension permission: telemetry
1576982832507	addons.webextension.screenshots@mozilla.org	WARN	Loading extension 'screenshots@mozilla.org': Reading manifest: Invalid extension permission: resource://pdf.js/
1576982832507	addons.webextension.screenshots@mozilla.org	WARN	Loading extension 'screenshots@mozilla.org': Reading manifest: Invalid extension permission: about:reader*
1576982834513	Marionette	INFO	Listening on port 54096
1576982834573	Marionette	WARN	TLS certificate errors will be ignored for this session
Exiting due to channel error.
[GFX1-]: Receive IPC close with reason=AbnormalShutdown
Exiting due to channel error.
[GFX1-]: Receive IPC close with reason=AbnormalShutdown
Exiting due to channel error.
1576982909835	mozrunner::runner	INFO	Running command: "/Applications/Firefox.app/Contents/MacOS/firefox-bin" "-marionette" "-headless" "-foreground" "-no-remote" "-profile" "/var/folders/9z/yxn1h2lj7cq937g8b1lcqn300000gn/T/rust_mozprofileqOXlc5"
*** You are running in headless mode.
1576982911261	addons.webextension.screenshots@mozilla.org	WARN	Loading extension 'screenshots@mozilla.org': Reading manifest: Invalid extension permission: mozillaAddons
1576982911262	addons.webextension.screenshots@mozilla.org	WARN	Loading extension 'screenshots@mozilla.org': Reading manifest: Invalid extension permission: telemetry
1576982911262	addons.webextension.screenshots@mozilla.org	WARN	Loading extension 'screenshots@mozilla.org': Reading manifest: Invalid extension permission: resource://pdf.js/
1576982911262	addons.webextension.screenshots@mozilla.org	WARN	Loading extension 'screenshots@mozilla.org': Reading manifest: Invalid extension permission: about:reader*
1576982914621	Marionette	INFO	Listening on port 54400
1576982914654	Marionette	WARN	TLS certificate errors will be ignored for this session
Exiting due to channel error.
Exiting due to channel error.
Exiting due to channel error.
1576983794884	mozrunner::runner	INFO	Running command: "/Applications/Firefox.app/Contents/MacOS/firefox-bin" "-marionette" "-headless" "-foreground" "-no-remote" "-profile" "/var/folders/9z/yxn1h2lj7cq937g8b1lcqn300000gn/T/rust_mozprofileegPrpt"
*** You are running in headless mode.
1576983796505	addons.webextension.screenshots@mozilla.org	WARN	Loading extension 'screenshots@mozilla.org': Reading manifest: Invalid extension permission: mozillaAddons
1576983796505	addons.webextension.screenshots@mozilla.org	WARN	Loading extension 'screenshots@mozilla.org': Reading manifest: Invalid extension permission: telemetry
1576983796505	addons.webextension.screenshots@mozilla.org	WARN	Loading extension 'screenshots@mozilla.org': Reading manifest: Invalid extension permission: resource://pdf.js/
1576983796505	addons.webextension.screenshots@mozilla.org	WARN	Loading extension 'screenshots@mozilla.org': Reading manifest: Invalid extension permission: about:reader*
1576983798916	Marionette	INFO	Listening on port 57304
1576983798973	Marionette	WARN	TLS certificate errors will be ignored for this session
1576983802049	Marionette	INFO	Stopped listening on port 57304
1576995722299	mozrunner::runner	INFO	Running command: "/Applications/Firefox.app/Contents/MacOS/firefox-bin" "-marionette" "-headless" "-foreground" "-no-remote" "-profile" "/var/folders/9z/yxn1h2lj7cq937g8b1lcqn300000gn/T/rust_mozprofile253VRK"
*** You are running in headless mode.
1576995723203	addons.webextension.screenshots@mozilla.org	WARN	Loading extension 'screenshots@mozilla.org': Reading manifest: Invalid extension permission: mozillaAddons
1576995723203	addons.webextension.screenshots@mozilla.org	WARN	Loading extension 'screenshots@mozilla.org': Reading manifest: Invalid extension permission: telemetry
1576995723203	addons.webextension.screenshots@mozilla.org	WARN	Loading extension 'screenshots@mozilla.org': Reading manifest: Invalid extension permission: resource://pdf.js/
1576995723204	addons.webextension.screenshots@mozilla.org	WARN	Loading extension 'screenshots@mozilla.org': Reading manifest: Invalid extension permission: about:reader*
1576995725074	Marionette	INFO	Listening on port 65200
1576995725095	Marionette	WARN	TLS certificate errors will be ignored for this session
1576995735191	Marionette	INFO	Stopped listening on port 65200

###!!! [Child][RunMessage] Error: Channel closing: too late to send/recv, messages will be lost


###!!! [Parent][MessageChannel] Error: (msgtype=0x280005,name=PChildToParentStream::Msg___delete__) Channel error: cannot send/recv


###!!! [Parent][MessageChannel] Error: (msgtype=0x58000F,name=PHttpBackgroundChannel::Msg___delete__) Channel error: cannot send/recv


###!!! [Parent][MessageChannel] Error: (msgtype=0x58000F,name=PHttpBackgroundChannel::Msg___delete__) Channel error: cannot send/recv


###!!! [Parent][MessageChannel] Error: (msgtype=0x58000F,name=PHttpBackgroundChannel::Msg___delete__) Channel error: cannot send/recv


###!!! [Parent][MessageChannel] Error: (msgtype=0x58000F,name=PHttpBackgroundChannel::Msg___delete__) Channel error: cannot send/recv


###!!! [Parent][MessageChannel] Error: (msgtype=0x58000F,name=PHttpBackgroundChannel::Msg___delete__) Channel error: cannot send/recv


###!!! [Parent][MessageChannel] Error: (msgtype=0x58000F,name=PHttpBackgroundChannel::Msg___delete__) Channel error: cannot send/recv


###!!! [Parent][MessageChannel] Error: (msgtype=0x58000F,name=PHttpBackgroundChannel::Msg___delete__) Channel error: cannot send/recv


###!!! [Parent][MessageChannel] Error: (msgtype=0x58000F,name=PHttpBackgroundChannel::Msg___delete__) Channel error: cannot send/recv


###!!! [Parent][RunMessage] Error: Channel error: cannot send/recv


###!!! [Parent][RunMessage] Error: Channel error: cannot send/recv


###!!! [Parent][RunMessage] Error: Channel error: cannot send/recv


###!!! [Parent][RunMessage] Error: Channel error: cannot send/recv


###!!! [Parent][RunMessage] Error: Channel error: cannot send/recv


###!!! [Parent][RunMessage] Error: Channel error: cannot send/recv


###!!! [Parent][RunMessage] Error: Channel error: cannot send/recv


###!!! [Parent][RunMessage] Error: Channel error: cannot send/recv


###!!! [Parent][RunMessage] Error: Channel error: cannot send/recv


###!!! [Parent][RunMessage] Error: Channel error: cannot send/recv


###!!! [Parent][RunMessage] Error: Channel error: cannot send/recv


###!!! [Parent][RunMessage] Error: Channel error: cannot send/recv


###!!! [Parent][RunMessage] Error: Channel error: cannot send/recv


###!!! [Parent][RunMessage] Error: Channel error: cannot send/recv


###!!! [Parent][RunMessage] Error: Channel error: cannot send/recv


###!!! [Parent][MessageChannel] Error: (msgtype=0x58000F,name=PHttpBackgroundChannel::Msg___delete__) Channel error: cannot send/recv


###!!! [Parent][MessageChannel] Error: (msgtype=0x58000F,name=PHttpBackgroundChannel::Msg___delete__) Channel error: cannot send/recv


###!!! [Parent][MessageChannel] Error: (msgtype=0x58000F,name=PHttpBackgroundChannel::Msg___delete__) Channel error: cannot send/recv


###!!! [Parent][MessageChannel] Error: (msgtype=0x58000F,name=PHttpBackgroundChannel::Msg___delete__) Channel error: cannot send/recv


###!!! [Parent][MessageChannel] Error: (msgtype=0x58000F,name=PHttpBackgroundChannel::Msg___delete__) Channel error: cannot send/recv


###!!! [Parent][MessageChannel] Error: (msgtype=0x58000F,name=PHttpBackgroundChannel::Msg___delete__) Channel error: cannot send/recv


###!!! [Parent][MessageChannel] Error: (msgtype=0x58000F,name=PHttpBackgroundChannel::Msg___delete__) Channel error: cannot send/recv


###!!! [Parent][MessageChannel] Error: (msgtype=0x58000F,name=PHttpBackgroundChannel::Msg___delete__) Channel error: cannot send/recv


###!!! [Parent][MessageChannel] Error: (msgtype=0x58000F,name=PHttpBackgroundChannel::Msg___delete__) Channel error: cannot send/recv


###!!! [Parent][MessageChannel] Error: (msgtype=0x58000F,name=PHttpBackgroundChannel::Msg___delete__) Channel error: cannot send/recv


###!!! [Parent][MessageChannel] Error: (msgtype=0x58000F,name=PHttpBackgroundChannel::Msg___delete__) Channel error: cannot send/recv


###!!! [Parent][MessageChannel] Error: (msgtype=0x58000F,name=PHttpBackgroundChannel::Msg___delete__) Channel error: cannot send/recv


###!!! [Parent][MessageChannel] Error: (msgtype=0x58000F,name=PHttpBackgroundChannel::Msg___delete__) Channel error: cannot send/recv


###!!! [Parent][MessageChannel] Error: (msgtype=0x58000F,name=PHttpBackgroundChannel::Msg___delete__) Channel error: cannot send/recv


###!!! [Parent][MessageChannel] Error: (msgtype=0x58000F,name=PHttpBackgroundChannel::Msg___delete__) Channel error: cannot send/recv


###!!! [Parent][MessageChannel] Error: (msgtype=0x58000F,name=PHttpBackgroundChannel::Msg___delete__) Channel error: cannot send/recv


###!!! [Parent][MessageChannel] Error: (msgtype=0x58000F,name=PHttpBackgroundChannel::Msg___delete__) Channel error: cannot send/recv


###!!! [Parent][MessageChannel] Error: (msgtype=0x58000F,name=PHttpBackgroundChannel::Msg___delete__) Channel error: cannot send/recv


###!!! [Parent][MessageChannel] Error: (msgtype=0x58000F,name=PHttpBackgroundChannel::Msg___delete__) Channel error: cannot send/recv


###!!! [Parent][MessageChannel] Error: (msgtype=0x58000F,name=PHttpBackgroundChannel::Msg___delete__) Channel error: cannot send/recv


###!!! [Parent][MessageChannel] Error: (msgtype=0x58000F,name=PHttpBackgroundChannel::Msg___delete__) Channel error: cannot send/recv


###!!! [Parent][MessageChannel] Error: (msgtype=0x58000F,name=PHttpBackgroundChannel::Msg___delete__) Channel error: cannot send/recv


###!!! [Parent][MessageChannel] Error: (msgtype=0x58000F,name=PHttpBackgroundChannel::Msg___delete__) Channel error: cannot send/recv


###!!! [Parent][MessageChannel] Error: (msgtype=0x58000F,name=PHttpBackgroundChannel::Msg___delete__) Channel error: cannot send/recv


###!!! [Parent][MessageChannel] Error: (msgtype=0x58000F,name=PHttpBackgroundChannel::Msg___delete__) Channel error: cannot send/recv


###!!! [Parent][MessageChannel] Error: (msgtype=0x58000F,name=PHttpBackgroundChannel::Msg___delete__) Channel error: cannot send/recv


###!!! [Parent][MessageChannel] Error: (msgtype=0x58000F,name=PHttpBackgroundChannel::Msg___delete__) Channel error: cannot send/recv


###!!! [Parent][MessageChannel] Error: (msgtype=0x58000F,name=PHttpBackgroundChannel::Msg___delete__) Channel error: cannot send/recv


###!!! [Parent][MessageChannel] Error: (msgtype=0x58000F,name=PHttpBackgroundChannel::Msg___delete__) Channel error: cannot send/recv


###!!! [Parent][MessageChannel] Error: (msgtype=0x58000F,name=PHttpBackgroundChannel::Msg___delete__) Channel error: cannot send/recv


###!!! [Parent][MessageChannel] Error: (msgtype=0x58000F,name=PHttpBackgroundChannel::Msg___delete__) Channel error: cannot send/recv


###!!! [Parent][MessageChannel] Error: (msgtype=0x58000F,name=PHttpBackgroundChannel::Msg___delete__) Channel error: cannot send/recv


###!!! [Parent][MessageChannel] Error: (msgtype=0x58000F,name=PHttpBackgroundChannel::Msg___delete__) Channel error: cannot send/recv


###!!! [Parent][MessageChannel] Error: (msgtype=0x58000F,name=PHttpBackgroundChannel::Msg___delete__) Channel error: cannot send/recv


###!!! [Parent][MessageChannel] Error: (msgtype=0x58000F,name=PHttpBackgroundChannel::Msg___delete__) Channel error: cannot send/recv


###!!! [Parent][MessageChannel] Error: (msgtype=0x58000F,name=PHttpBackgroundChannel::Msg___delete__) Channel error: cannot send/recv


###!!! [Parent][MessageChannel] Error: (msgtype=0x58000F,name=PHttpBackgroundChannel::Msg___delete__) Channel error: cannot send/recv


###!!! [Parent][MessageChannel] Error: (msgtype=0x58000F,name=PHttpBackgroundChannel::Msg___delete__) Channel error: cannot send/recv


###!!! [Parent][RunMessage] Error: Channel error: cannot send/recv


###!!! [Parent][RunMessage] Error: Channel error: cannot send/recv


###!!! [Parent][RunMessage] Error: Channel error: cannot send/recv


###!!! [Parent][RunMessage] Error: Channel error: cannot send/recv


###!!! [Parent][RunMessage] Error: Channel error: cannot send/recv


###!!! [Parent][RunMessage] Error: Channel error: cannot send/recv


###!!! [Parent][MessageChannel] Error: (msgtype=0x58000F,name=PHttpBackgroundChannel::Msg___delete__) Channel error: cannot send/recv


###!!! [Parent][MessageChannel] Error: (msgtype=0x58000F,name=PHttpBackgroundChannel::Msg___delete__) Channel error: cannot send/recv


###!!! [Parent][MessageChannel] Error: (msgtype=0x58000F,name=PHttpBackgroundChannel::Msg___delete__) Channel error: cannot send/recv


###!!! [Parent][MessageChannel] Error: (msgtype=0x58000F,name=PHttpBackgroundChannel::Msg___delete__) Channel error: cannot send/recv


###!!! [Parent][MessageChannel] Error: (msgtype=0x58000F,name=PHttpBackgroundChannel::Msg___delete__) Channel error: cannot send/recv


###!!! [Parent][MessageChannel] Error: (msgtype=0x58000F,name=PHttpBackgroundChannel::Msg___delete__) Channel error: cannot send/recv


###!!! [Parent][MessageChannel] Error: (msgtype=0x58000F,name=PHttpBackgroundChannel::Msg___delete__) Channel error: cannot send/recv


###!!! [Parent][MessageChannel] Error: (msgtype=0x58000F,name=PHttpBackgroundChannel::Msg___delete__) Channel error: cannot send/recv


###!!! [Parent][MessageChannel] Error: (msgtype=0x58000F,name=PHttpBackgroundChannel::Msg___delete__) Channel error: cannot send/recv


###!!! [Parent][MessageChannel] Error: (msgtype=0x220001,name=PCacheOp::Msg___delete__) Channel error: cannot send/recv


###!!! [Parent][MessageChannel] Error: (msgtype=0x220001,name=PCacheOp::Msg___delete__) Channel error: cannot send/recv


###!!! [Parent][MessageChannel] Error: (msgtype=0x220001,name=PCacheOp::Msg___delete__) Channel error: cannot send/recv


###!!! [Parent][MessageChannel] Error: (msgtype=0x220001,name=PCacheOp::Msg___delete__) Channel error: cannot send/recv


###!!! [Parent][MessageChannel] Error: (msgtype=0x220001,name=PCacheOp::Msg___delete__) Channel error: cannot send/recv


###!!! [Parent][MessageChannel] Error: (msgtype=0x220001,name=PCacheOp::Msg___delete__) Channel error: cannot send/recv


###!!! [Parent][MessageChannel] Error: (msgtype=0x220001,name=PCacheOp::Msg___delete__) Channel error: cannot send/recv


###!!! [Parent][MessageChannel] Error: (msgtype=0x220001,name=PCacheOp::Msg___delete__) Channel error: cannot send/recv


###!!! [Parent][MessageChannel] Error: (msgtype=0x220001,name=PCacheOp::Msg___delete__) Channel error: cannot send/recv


###!!! [Parent][MessageChannel] Error: (msgtype=0x220001,name=PCacheOp::Msg___delete__) Channel error: cannot send/recv


###!!! [Parent][MessageChannel] Error: (msgtype=0x220001,name=PCacheOp::Msg___delete__) Channel error: cannot send/recv


###!!! [Parent][MessageChannel] Error: (msgtype=0x220001,name=PCacheOp::Msg___delete__) Channel error: cannot send/recv


###!!! [Parent][MessageChannel] Error: (msgtype=0x220001,name=PCacheOp::Msg___delete__) Channel error: cannot send/recv


###!!! [Parent][MessageChannel] Error: (msgtype=0x220001,name=PCacheOp::Msg___delete__) Channel error: cannot send/recv


###!!! [Parent][MessageChannel] Error: (msgtype=0x220001,name=PCacheOp::Msg___delete__) Channel error: cannot send/recv


###!!! [Parent][MessageChannel] Error: (msgtype=0x220001,name=PCacheOp::Msg___delete__) Channel error: cannot send/recv


###!!! [Parent][MessageChannel] Error: (msgtype=0x220001,name=PCacheOp::Msg___delete__) Channel error: cannot send/recv


###!!! [Parent][MessageChannel] Error: (msgtype=0x220001,name=PCacheOp::Msg___delete__) Channel error: cannot send/recv


###!!! [Parent][MessageChannel] Error: (msgtype=0x220001,name=PCacheOp::Msg___delete__) Channel error: cannot send/recv


###!!! [Parent][MessageChannel] Error: (msgtype=0x220001,name=PCacheOp::Msg___delete__) Channel error: cannot send/recv


###!!! [Parent][MessageChannel] Error: (msgtype=0x220001,name=PCacheOp::Msg___delete__) Channel error: cannot send/recv


###!!! [Parent][MessageChannel] Error: (msgtype=0x220001,name=PCacheOp::Msg___delete__) Channel error: cannot send/recv


###!!! [Parent][MessageChannel] Error: (msgtype=0x220001,name=PCacheOp::Msg___delete__) Channel error: cannot send/recv


###!!! [Parent][MessageChannel] Error: (msgtype=0x220001,name=PCacheOp::Msg___delete__) Channel error: cannot send/recv


###!!! [Parent][MessageChannel] Error: (msgtype=0x220001,name=PCacheOp::Msg___delete__) Channel error: cannot send/recv


###!!! [Parent][MessageChannel] Error: (msgtype=0x220001,name=PCacheOp::Msg___delete__) Channel error: cannot send/recv


###!!! [Parent][MessageChannel] Error: (msgtype=0x220001,name=PCacheOp::Msg___delete__) Channel error: cannot send/recv


###!!! [Parent][MessageChannel] Error: (msgtype=0x220001,name=PCacheOp::Msg___delete__) Channel error: cannot send/recv


###!!! [Parent][MessageChannel] Error: (msgtype=0x220001,name=PCacheOp::Msg___delete__) Channel error: cannot send/recv


###!!! [Parent][MessageChannel] Error: (msgtype=0x220001,name=PCacheOp::Msg___delete__) Channel error: cannot send/recv


###!!! [Parent][MessageChannel] Error: (msgtype=0x220001,name=PCacheOp::Msg___delete__) Channel error: cannot send/recv


###!!! [Parent][MessageChannel] Error: (msgtype=0x220001,name=PCacheOp::Msg___delete__) Channel error: cannot send/recv


###!!! [Parent][MessageChannel] Error: (msgtype=0x220001,name=PCacheOp::Msg___delete__) Channel error: cannot send/recv


###!!! [Parent][MessageChannel] Error: (msgtype=0x220001,name=PCacheOp::Msg___delete__) Channel error: cannot send/recv


###!!! [Parent][MessageChannel] Error: (msgtype=0x220001,name=PCacheOp::Msg___delete__) Channel error: cannot send/recv


###!!! [Parent][MessageChannel] Error: (msgtype=0x220001,name=PCacheOp::Msg___delete__) Channel error: cannot send/recv


###!!! [Parent][MessageChannel] Error: (msgtype=0x220001,name=PCacheOp::Msg___delete__) Channel error: cannot send/recv


###!!! [Parent][MessageChannel] Error: (msgtype=0x220001,name=PCacheOp::Msg___delete__) Channel error: cannot send/recv


###!!! [Parent][MessageChannel] Error: (msgtype=0x220001,name=PCacheOp::Msg___delete__) Channel error: cannot send/recv


###!!! [Parent][MessageChannel] Error: (msgtype=0x220001,name=PCacheOp::Msg___delete__) Channel error: cannot send/recv


###!!! [Parent][MessageChannel] Error: (msgtype=0x220001,name=PCacheOp::Msg___delete__) Channel error: cannot send/recv


###!!! [Parent][MessageChannel] Error: (msgtype=0x220001,name=PCacheOp::Msg___delete__) Channel error: cannot send/recv


###!!! [Parent][MessageChannel] Error: (msgtype=0x220001,name=PCacheOp::Msg___delete__) Channel error: cannot send/recv


###!!! [Parent][MessageChannel] Error: (msgtype=0x220001,name=PCacheOp::Msg___delete__) Channel error: cannot send/recv


###!!! [Parent][MessageChannel] Error: (msgtype=0x220001,name=PCacheOp::Msg___delete__) Channel error: cannot send/recv


###!!! [Parent][MessageChannel] Error: (msgtype=0x220001,name=PCacheOp::Msg___delete__) Channel error: cannot send/recv


###!!! [Parent][MessageChannel] Error: (msgtype=0x220001,name=PCacheOp::Msg___delete__) Channel error: cannot send/recv


###!!! [Parent][MessageChannel] Error: (msgtype=0x220001,name=PCacheOp::Msg___delete__) Channel error: cannot send/recv


###!!! [Parent][MessageChannel] Error: (msgtype=0x220001,name=PCacheOp::Msg___delete__) Channel error: cannot send/recv


###!!! [Parent][MessageChannel] Error: (msgtype=0x220001,name=PCacheOp::Msg___delete__) Channel error: cannot send/recv


###!!! [Parent][MessageChannel] Error: (msgtype=0x220001,name=PCacheOp::Msg___delete__) Channel error: cannot send/recv


###!!! [Parent][MessageChannel] Error: (msgtype=0x220001,name=PCacheOp::Msg___delete__) Channel error: cannot send/recv


###!!! [Parent][MessageChannel] Error: (msgtype=0x220001,name=PCacheOp::Msg___delete__) Channel error: cannot send/recv


###!!! [Parent][MessageChannel] Error: (msgtype=0x220001,name=PCacheOp::Msg___delete__) Channel error: cannot send/recv


###!!! [Parent][MessageChannel] Error: (msgtype=0x220001,name=PCacheOp::Msg___delete__) Channel error: cannot send/recv


###!!! [Parent][MessageChannel] Error: (msgtype=0x220001,name=PCacheOp::Msg___delete__) Channel error: cannot send/recv


###!!! [Parent][MessageChannel] Error: (msgtype=0x220001,name=PCacheOp::Msg___delete__) Channel error: cannot send/recv


###!!! [Parent][MessageChannel] Error: (msgtype=0x220001,name=PCacheOp::Msg___delete__) Channel error: cannot send/recv


###!!! [Parent][MessageChannel] Error: (msgtype=0x220001,name=PCacheOp::Msg___delete__) Channel error: cannot send/recv


###!!! [Parent][MessageChannel] Error: (msgtype=0x220001,name=PCacheOp::Msg___delete__) Channel error: cannot send/recv


###!!! [Parent][MessageChannel] Error: (msgtype=0x220001,name=PCacheOp::Msg___delete__) Channel error: cannot send/recv


###!!! [Parent][MessageChannel] Error: (msgtype=0x220001,name=PCacheOp::Msg___delete__) Channel error: cannot send/recv


###!!! [Parent][MessageChannel] Error: (msgtype=0x220001,name=PCacheOp::Msg___delete__) Channel error: cannot send/recv


###!!! [Parent][MessageChannel] Error: (msgtype=0x220001,name=PCacheOp::Msg___delete__) Channel error: cannot send/recv


###!!! [Parent][MessageChannel] Error: (msgtype=0x220001,name=PCacheOp::Msg___delete__) Channel error: cannot send/recv


###!!! [Parent][MessageChannel] Error: (msgtype=0x220001,name=PCacheOp::Msg___delete__) Channel error: cannot send/recv


###!!! [Parent][MessageChannel] Error: (msgtype=0x220001,name=PCacheOp::Msg___delete__) Channel error: cannot send/recv


###!!! [Parent][MessageChannel] Error: (msgtype=0x220001,name=PCacheOp::Msg___delete__) Channel error: cannot send/recv


###!!! [Parent][MessageChannel] Error: (msgtype=0x220001,name=PCacheOp::Msg___delete__) Channel error: cannot send/recv


###!!! [Parent][MessageChannel] Error: (msgtype=0x220001,name=PCacheOp::Msg___delete__) Channel error: cannot send/recv


###!!! [Parent][MessageChannel] Error: (msgtype=0x220001,name=PCacheOp::Msg___delete__) Channel error: cannot send/recv


###!!! [Parent][MessageChannel] Error: (msgtype=0x220001,name=PCacheOp::Msg___delete__) Channel error: cannot send/recv


###!!! [Parent][MessageChannel] Error: (msgtype=0x220001,name=PCacheOp::Msg___delete__) Channel error: cannot send/recv


###!!! [Parent][MessageChannel] Error: (msgtype=0x220001,name=PCacheOp::Msg___delete__) Channel error: cannot send/recv


###!!! [Parent][MessageChannel] Error: (msgtype=0x220001,name=PCacheOp::Msg___delete__) Channel error: cannot send/recv


###!!! [Parent][MessageChannel] Error: (msgtype=0x220001,name=PCacheOp::Msg___delete__) Channel error: cannot send/recv


###!!! [Parent][MessageChannel] Error: (msgtype=0x220001,name=PCacheOp::Msg___delete__) Channel error: cannot send/recv

1576996698654	mozrunner::runner	INFO	Running command: "/Applications/Firefox.app/Contents/MacOS/firefox-bin" "-marionette" "-headless" "-foreground" "-no-remote" "-profile" "/var/folders/9z/yxn1h2lj7cq937g8b1lcqn300000gn/T/rust_mozprofileeQ8P35"
*** You are running in headless mode.
1576996699681	addons.webextension.screenshots@mozilla.org	WARN	Loading extension 'screenshots@mozilla.org': Reading manifest: Invalid extension permission: mozillaAddons
1576996699681	addons.webextension.screenshots@mozilla.org	WARN	Loading extension 'screenshots@mozilla.org': Reading manifest: Invalid extension permission: telemetry
1576996699681	addons.webextension.screenshots@mozilla.org	WARN	Loading extension 'screenshots@mozilla.org': Reading manifest: Invalid extension permission: resource://pdf.js/
1576996699681	addons.webextension.screenshots@mozilla.org	WARN	Loading extension 'screenshots@mozilla.org': Reading manifest: Invalid extension permission: about:reader*
1576996702827	Marionette	INFO	Listening on port 55791
1576996702913	Marionette	WARN	TLS certificate errors will be ignored for this session
1576996705992	Marionette	INFO	Stopped listening on port 55791
1576997039929	mozrunner::runner	INFO	Running command: "/Applications/Firefox.app/Contents/MacOS/firefox-bin" "-marionette" "-headless" "-foreground" "-no-remote" "-profile" "/var/folders/9z/yxn1h2lj7cq937g8b1lcqn300000gn/T/rust_mozprofilelUtzml"
*** You are running in headless mode.
1576997040996	addons.webextension.screenshots@mozilla.org	WARN	Loading extension 'screenshots@mozilla.org': Reading manifest: Invalid extension permission: mozillaAddons
1576997040996	addons.webextension.screenshots@mozilla.org	WARN	Loading extension 'screenshots@mozilla.org': Reading manifest: Invalid extension permission: telemetry
1576997040997	addons.webextension.screenshots@mozilla.org	WARN	Loading extension 'screenshots@mozilla.org': Reading manifest: Invalid extension permission: resource://pdf.js/
1576997040997	addons.webextension.screenshots@mozilla.org	WARN	Loading extension 'screenshots@mozilla.org': Reading manifest: Invalid extension permission: about:reader*
1576997042867	Marionette	INFO	Listening on port 58383
1576997042893	Marionette	WARN	TLS certificate errors will be ignored for this session
1576997065663	Marionette	INFO	Stopped listening on port 58383
1576997815508	mozrunner::runner	INFO	Running command: "/Applications/Firefox.app/Contents/MacOS/firefox-bin" "-marionette" "-headless" "-foreground" "-no-remote" "-profile" "/var/folders/9z/yxn1h2lj7cq937g8b1lcqn300000gn/T/rust_mozprofile1b7dPS"
*** You are running in headless mode.
1576997816554	addons.webextension.screenshots@mozilla.org	WARN	Loading extension 'screenshots@mozilla.org': Reading manifest: Invalid extension permission: mozillaAddons
1576997816554	addons.webextension.screenshots@mozilla.org	WARN	Loading extension 'screenshots@mozilla.org': Reading manifest: Invalid extension permission: telemetry
1576997816554	addons.webextension.screenshots@mozilla.org	WARN	Loading extension 'screenshots@mozilla.org': Reading manifest: Invalid extension permission: resource://pdf.js/
1576997816555	addons.webextension.screenshots@mozilla.org	WARN	Loading extension 'screenshots@mozilla.org': Reading manifest: Invalid extension permission: about:reader*
1576997818397	Marionette	INFO	Listening on port 63904
1576997818478	Marionette	WARN	TLS certificate errors will be ignored for this session
1576997834920	Marionette	INFO	Stopped listening on port 63904
1576997921908	mozrunner::runner	INFO	Running command: "/Applications/Firefox.app/Contents/MacOS/firefox-bin" "-marionette" "-headless" "-foreground" "-no-remote" "-profile" "/var/folders/9z/yxn1h2lj7cq937g8b1lcqn300000gn/T/rust_mozprofilejMbphD"
*** You are running in headless mode.
1576997922402	addons.webextension.screenshots@mozilla.org	WARN	Loading extension 'screenshots@mozilla.org': Reading manifest: Invalid extension permission: mozillaAddons
1576997922402	addons.webextension.screenshots@mozilla.org	WARN	Loading extension 'screenshots@mozilla.org': Reading manifest: Invalid extension permission: telemetry
1576997922402	addons.webextension.screenshots@mozilla.org	WARN	Loading extension 'screenshots@mozilla.org': Reading manifest: Invalid extension permission: resource://pdf.js/
1576997922402	addons.webextension.screenshots@mozilla.org	WARN	Loading extension 'screenshots@mozilla.org': Reading manifest: Invalid extension permission: about:reader*
1576997923843	Marionette	INFO	Listening on port 64703
1576997923940	Marionette	WARN	TLS certificate errors will be ignored for this session
1576997934872	Marionette	INFO	Stopped listening on port 64703

###!!! [Parent][MessageChannel] Error: (msgtype=0x220001,name=PCacheOp::Msg___delete__) Channel error: cannot send/recv


###!!! [Parent][MessageChannel] Error: (msgtype=0x220001,name=PCacheOp::Msg___delete__) Channel error: cannot send/recv


###!!! [Parent][MessageChannel] Error: (msgtype=0x220001,name=PCacheOp::Msg___delete__) Channel error: cannot send/recv


###!!! [Parent][MessageChannel] Error: (msgtype=0x220001,name=PCacheOp::Msg___delete__) Channel error: cannot send/recv


###!!! [Parent][MessageChannel] Error: (msgtype=0x220001,name=PCacheOp::Msg___delete__) Channel error: cannot send/recv


###!!! [Parent][MessageChannel] Error: (msgtype=0x220001,name=PCacheOp::Msg___delete__) Channel error: cannot send/recv


###!!! [Parent][MessageChannel] Error: (msgtype=0x220001,name=PCacheOp::Msg___delete__) Channel error: cannot send/recv

1576997954456	mozrunner::runner	INFO	Running command: "/Applications/Firefox.app/Contents/MacOS/firefox-bin" "-marionette" "-headless" "-foreground" "-no-remote" "-profile" "/var/folders/9z/yxn1h2lj7cq937g8b1lcqn300000gn/T/rust_mozprofiletRTs3J"
*** You are running in headless mode.
1576997954970	addons.webextension.screenshots@mozilla.org	WARN	Loading extension 'screenshots@mozilla.org': Reading manifest: Invalid extension permission: mozillaAddons
1576997954970	addons.webextension.screenshots@mozilla.org	WARN	Loading extension 'screenshots@mozilla.org': Reading manifest: Invalid extension permission: telemetry
1576997954970	addons.webextension.screenshots@mozilla.org	WARN	Loading extension 'screenshots@mozilla.org': Reading manifest: Invalid extension permission: resource://pdf.js/
1576997954970	addons.webextension.screenshots@mozilla.org	WARN	Loading extension 'screenshots@mozilla.org': Reading manifest: Invalid extension permission: about:reader*
1576997956459	Marionette	INFO	Listening on port 65089
1576997956483	Marionette	WARN	TLS certificate errors will be ignored for this session
1576997965478	Marionette	INFO	Stopped listening on port 65089
[Child 55713, Chrome_ChildThread] WARNING: pipe error: Broken pipe: file /builds/worker/workspace/build/src/ipc/chromium/src/chrome/common/ipc_channel_posix.cc, line 728
[Child 55713, Chrome_ChildThread] WARNING: pipe error: Broken pipe: file /builds/worker/workspace/build/src/ipc/chromium/src/chrome/common/ipc_channel_posix.cc, line 728
[Child 55713, Chrome_ChildThread] WARNING: pipe error: Broken pipe: file /builds/worker/workspace/build/src/ipc/chromium/src/chrome/common/ipc_channel_posix.cc, line 728
[Child 55713, Chrome_ChildThread] WARNING: pipe error: Broken pipe: file /builds/worker/workspace/build/src/ipc/chromium/src/chrome/common/ipc_channel_posix.cc, line 728
[Child 55713, Chrome_ChildThread] WARNING: pipe error: Broken pipe: file /builds/worker/workspace/build/src/ipc/chromium/src/chrome/common/ipc_channel_posix.cc, line 728
[Child 55713, Chrome_ChildThread] WARNING: pipe error: Broken pipe: file /builds/worker/workspace/build/src/ipc/chromium/src/chrome/common/ipc_channel_posix.cc, line 728
[Child 55713, Chrome_ChildThread] WARNING: pipe error: Broken pipe: file /builds/worker/workspace/build/src/ipc/chromium/src/chrome/common/ipc_channel_posix.cc, line 728
[Child 55713, Chrome_ChildThread] WARNING: pipe error: Broken pipe: file /builds/worker/workspace/build/src/ipc/chromium/src/chrome/common/ipc_channel_posix.cc, line 728
[Child 55713, Chrome_ChildThread] WARNING: pipe error: Broken pipe: file /builds/worker/workspace/build/src/ipc/chromium/src/chrome/common/ipc_channel_posix.cc, line 728
[Child 55713, Chrome_ChildThread] WARNING: pipe error: Broken pipe: file /builds/worker/workspace/build/src/ipc/chromium/src/chrome/common/ipc_channel_posix.cc, line 728
[Child 55713, Chrome_ChildThread] WARNING: pipe error: Broken pipe: file /builds/worker/workspace/build/src/ipc/chromium/src/chrome/common/ipc_channel_posix.cc, line 728
[Child 55713, Chrome_ChildThread] WARNING: pipe error: Broken pipe: file /builds/worker/workspace/build/src/ipc/chromium/src/chrome/common/ipc_channel_posix.cc, line 728
[Child 55713, Chrome_ChildThread] WARNING: pipe error: Broken pipe: file /builds/worker/workspace/build/src/ipc/chromium/src/chrome/common/ipc_channel_posix.cc, line 728
[Child 55713, Chrome_ChildThread] WARNING: pipe error: Broken pipe: file /builds/worker/workspace/build/src/ipc/chromium/src/chrome/common/ipc_channel_posix.cc, line 728
[Child 55713, Chrome_ChildThread] WARNING: pipe error: Broken pipe: file /builds/worker/workspace/build/src/ipc/chromium/src/chrome/common/ipc_channel_posix.cc, line 728
[Child 55713, Chrome_ChildThread] WARNING: pipe error: Broken pipe: file /builds/worker/workspace/build/src/ipc/chromium/src/chrome/common/ipc_channel_posix.cc, line 728
[Child 55713, Chrome_ChildThread] WARNING: pipe error: Broken pipe: file /builds/worker/workspace/build/src/ipc/chromium/src/chrome/common/ipc_channel_posix.cc, line 728
Exiting due to channel error.
1576998236427	mozrunner::runner	INFO	Running command: "/Applications/Firefox.app/Contents/MacOS/firefox-bin" "-marionette" "-headless" "-foreground" "-no-remote" "-profile" "/var/folders/9z/yxn1h2lj7cq937g8b1lcqn300000gn/T/rust_mozprofile4LxBK1"
*** You are running in headless mode.
1576998237560	addons.webextension.screenshots@mozilla.org	WARN	Loading extension 'screenshots@mozilla.org': Reading manifest: Invalid extension permission: mozillaAddons
1576998237563	addons.webextension.screenshots@mozilla.org	WARN	Loading extension 'screenshots@mozilla.org': Reading manifest: Invalid extension permission: telemetry
1576998237563	addons.webextension.screenshots@mozilla.org	WARN	Loading extension 'screenshots@mozilla.org': Reading manifest: Invalid extension permission: resource://pdf.js/
1576998237564	addons.webextension.screenshots@mozilla.org	WARN	Loading extension 'screenshots@mozilla.org': Reading manifest: Invalid extension permission: about:reader*
1576998241300	Marionette	INFO	Listening on port 50868
1576998241324	Marionette	WARN	TLS certificate errors will be ignored for this session
1576998249136	Marionette	INFO	Stopped listening on port 50868

###!!! [Child][RunMessage] Error: Channel closing: too late to send/recv, messages will be lost

1576998290682	mozrunner::runner	INFO	Running command: "/Applications/Firefox.app/Contents/MacOS/firefox-bin" "-marionette" "-headless" "-foreground" "-no-remote" "-profile" "/var/folders/9z/yxn1h2lj7cq937g8b1lcqn300000gn/T/rust_mozprofileZJshom"
*** You are running in headless mode.
1576998291112	addons.webextension.screenshots@mozilla.org	WARN	Loading extension 'screenshots@mozilla.org': Reading manifest: Invalid extension permission: mozillaAddons
1576998291113	addons.webextension.screenshots@mozilla.org	WARN	Loading extension 'screenshots@mozilla.org': Reading manifest: Invalid extension permission: telemetry
1576998291113	addons.webextension.screenshots@mozilla.org	WARN	Loading extension 'screenshots@mozilla.org': Reading manifest: Invalid extension permission: resource://pdf.js/
1576998291113	addons.webextension.screenshots@mozilla.org	WARN	Loading extension 'screenshots@mozilla.org': Reading manifest: Invalid extension permission: about:reader*
1576998292454	Marionette	INFO	Listening on port 51349
1576998292512	Marionette	WARN	TLS certificate errors will be ignored for this session
1576998315156	Marionette	INFO	Stopped listening on port 51349
[Child 55826, Chrome_ChildThread] WARNING: pipe error: Socket is not connected: file /builds/worker/workspace/build/src/ipc/chromium/src/chrome/common/ipc_channel_posix.cc, line 728
[Child 55826, Chrome_ChildThread] WARNING: pipe error: Broken pipe: file /builds/worker/workspace/build/src/ipc/chromium/src/chrome/common/ipc_channel_posix.cc, line 728
1576998911119	mozrunner::runner	INFO	Running command: "/Applications/Firefox.app/Contents/MacOS/firefox-bin" "-marionette" "-headless" "-foreground" "-no-remote" "-profile" "/var/folders/9z/yxn1h2lj7cq937g8b1lcqn300000gn/T/rust_mozprofileh0SP46"
*** You are running in headless mode.
1576998911796	addons.webextension.screenshots@mozilla.org	WARN	Loading extension 'screenshots@mozilla.org': Reading manifest: Invalid extension permission: mozillaAddons
1576998911796	addons.webextension.screenshots@mozilla.org	WARN	Loading extension 'screenshots@mozilla.org': Reading manifest: Invalid extension permission: telemetry
1576998911796	addons.webextension.screenshots@mozilla.org	WARN	Loading extension 'screenshots@mozilla.org': Reading manifest: Invalid extension permission: resource://pdf.js/
1576998911796	addons.webextension.screenshots@mozilla.org	WARN	Loading extension 'screenshots@mozilla.org': Reading manifest: Invalid extension permission: about:reader*
1576998913859	Marionette	INFO	Listening on port 55970
1576998913961	Marionette	WARN	TLS certificate errors will be ignored for this session
1576998951945	Marionette	INFO	Stopped listening on port 55970
1576999571201	mozrunner::runner	INFO	Running command: "/Applications/Firefox.app/Contents/MacOS/firefox-bin" "-marionette" "-headless" "-foreground" "-no-remote" "-profile" "/var/folders/9z/yxn1h2lj7cq937g8b1lcqn300000gn/T/rust_mozprofilefwzaq6"
*** You are running in headless mode.
1576999572671	addons.webextension.screenshots@mozilla.org	WARN	Loading extension 'screenshots@mozilla.org': Reading manifest: Invalid extension permission: mozillaAddons
1576999572672	addons.webextension.screenshots@mozilla.org	WARN	Loading extension 'screenshots@mozilla.org': Reading manifest: Invalid extension permission: telemetry
1576999572672	addons.webextension.screenshots@mozilla.org	WARN	Loading extension 'screenshots@mozilla.org': Reading manifest: Invalid extension permission: resource://pdf.js/
1576999572672	addons.webextension.screenshots@mozilla.org	WARN	Loading extension 'screenshots@mozilla.org': Reading manifest: Invalid extension permission: about:reader*
1576999575825	Marionette	INFO	Listening on port 61149
1576999575914	Marionette	WARN	TLS certificate errors will be ignored for this session
Exiting due to channel error.
[GFX1-]: Receive IPC close with reason=AbnormalShutdown
Exiting due to channel error.
[GFX1-]: Receive IPC close with reason=AbnormalShutdown
Exiting due to channel error.
1576999615443	mozrunner::runner	INFO	Running command: "/Applications/Firefox.app/Contents/MacOS/firefox-bin" "-marionette" "-headless" "-foreground" "-no-remote" "-profile" "/var/folders/9z/yxn1h2lj7cq937g8b1lcqn300000gn/T/rust_mozprofiledDghKn"
*** You are running in headless mode.
1576999616159	addons.webextension.screenshots@mozilla.org	WARN	Loading extension 'screenshots@mozilla.org': Reading manifest: Invalid extension permission: mozillaAddons
1576999616159	addons.webextension.screenshots@mozilla.org	WARN	Loading extension 'screenshots@mozilla.org': Reading manifest: Invalid extension permission: telemetry
1576999616159	addons.webextension.screenshots@mozilla.org	WARN	Loading extension 'screenshots@mozilla.org': Reading manifest: Invalid extension permission: resource://pdf.js/
1576999616159	addons.webextension.screenshots@mozilla.org	WARN	Loading extension 'screenshots@mozilla.org': Reading manifest: Invalid extension permission: about:reader*
1576999618277	Marionette	INFO	Listening on port 61579
1576999618300	Marionette	WARN	TLS certificate errors will be ignored for this session
Exiting due to channel error.
Exiting due to channel error.
[GFX1-]: Receive IPC close with reason=AbnormalShutdown
Exiting due to channel error.
1576999803189	mozrunner::runner	INFO	Running command: "/Applications/Firefox.app/Contents/MacOS/firefox-bin" "-marionette" "-headless" "-foreground" "-no-remote" "-profile" "/var/folders/9z/yxn1h2lj7cq937g8b1lcqn300000gn/T/rust_mozprofileYsetY5"
*** You are running in headless mode.
1576999804554	addons.webextension.screenshots@mozilla.org	WARN	Loading extension 'screenshots@mozilla.org': Reading manifest: Invalid extension permission: mozillaAddons
1576999804555	addons.webextension.screenshots@mozilla.org	WARN	Loading extension 'screenshots@mozilla.org': Reading manifest: Invalid extension permission: telemetry
1576999804555	addons.webextension.screenshots@mozilla.org	WARN	Loading extension 'screenshots@mozilla.org': Reading manifest: Invalid extension permission: resource://pdf.js/
1576999804555	addons.webextension.screenshots@mozilla.org	WARN	Loading extension 'screenshots@mozilla.org': Reading manifest: Invalid extension permission: about:reader*
1576999809688	Marionette	INFO	Listening on port 63131
1576999809723	Marionette	WARN	TLS certificate errors will be ignored for this session
1576999820834	Marionette	INFO	Stopped listening on port 63131
[Child 56285, Chrome_ChildThread] WARNING: pipe error: Broken pipe: file /builds/worker/workspace/build/src/ipc/chromium/src/chrome/common/ipc_channel_posix.cc, line 728
[Child 56285, Chrome_ChildThread] WARNING: pipe error: Broken pipe: file /builds/worker/workspace/build/src/ipc/chromium/src/chrome/common/ipc_channel_posix.cc, line 728

###!!! [Child][RunMessage] Error: Channel closing: too late to send/recv, messages will be lost

1576999973869	mozrunner::runner	INFO	Running command: "/Applications/Firefox.app/Contents/MacOS/firefox-bin" "-marionette" "-headless" "-foreground" "-no-remote" "-profile" "/var/folders/9z/yxn1h2lj7cq937g8b1lcqn300000gn/T/rust_mozprofileIgVy1L"
*** You are running in headless mode.
1576999975168	addons.webextension.screenshots@mozilla.org	WARN	Loading extension 'screenshots@mozilla.org': Reading manifest: Invalid extension permission: mozillaAddons
1576999975168	addons.webextension.screenshots@mozilla.org	WARN	Loading extension 'screenshots@mozilla.org': Reading manifest: Invalid extension permission: telemetry
1576999975168	addons.webextension.screenshots@mozilla.org	WARN	Loading extension 'screenshots@mozilla.org': Reading manifest: Invalid extension permission: resource://pdf.js/
1576999975168	addons.webextension.screenshots@mozilla.org	WARN	Loading extension 'screenshots@mozilla.org': Reading manifest: Invalid extension permission: about:reader*
1576999977744	Marionette	INFO	Listening on port 64611
1576999977823	Marionette	WARN	TLS certificate errors will be ignored for this session
1577000036089	Marionette	INFO	Stopped listening on port 64611
1577000389326	mozrunner::runner	INFO	Running command: "/Applications/Firefox.app/Contents/MacOS/firefox-bin" "-marionette" "-headless" "-foreground" "-no-remote" "-profile" "/var/folders/9z/yxn1h2lj7cq937g8b1lcqn300000gn/T/rust_mozprofile36EpcO"
*** You are running in headless mode.
1577000390001	addons.webextension.screenshots@mozilla.org	WARN	Loading extension 'screenshots@mozilla.org': Reading manifest: Invalid extension permission: mozillaAddons
1577000390001	addons.webextension.screenshots@mozilla.org	WARN	Loading extension 'screenshots@mozilla.org': Reading manifest: Invalid extension permission: telemetry
1577000390001	addons.webextension.screenshots@mozilla.org	WARN	Loading extension 'screenshots@mozilla.org': Reading manifest: Invalid extension permission: resource://pdf.js/
1577000390001	addons.webextension.screenshots@mozilla.org	WARN	Loading extension 'screenshots@mozilla.org': Reading manifest: Invalid extension permission: about:reader*
1577000391965	Marionette	INFO	Listening on port 51157
1577000392062	Marionette	WARN	TLS certificate errors will be ignored for this session
Exiting due to channel error.
Exiting due to channel error.
Exiting due to channel error.
1577000606738	mozrunner::runner	INFO	Running command: "/Applications/Firefox.app/Contents/MacOS/firefox-bin" "-marionette" "-headless" "-foreground" "-no-remote" "-profile" "/var/folders/9z/yxn1h2lj7cq937g8b1lcqn300000gn/T/rust_mozprofile6OIgfv"
*** You are running in headless mode.
1577000607509	addons.webextension.screenshots@mozilla.org	WARN	Loading extension 'screenshots@mozilla.org': Reading manifest: Invalid extension permission: mozillaAddons
1577000607509	addons.webextension.screenshots@mozilla.org	WARN	Loading extension 'screenshots@mozilla.org': Reading manifest: Invalid extension permission: telemetry
1577000607510	addons.webextension.screenshots@mozilla.org	WARN	Loading extension 'screenshots@mozilla.org': Reading manifest: Invalid extension permission: resource://pdf.js/
1577000607510	addons.webextension.screenshots@mozilla.org	WARN	Loading extension 'screenshots@mozilla.org': Reading manifest: Invalid extension permission: about:reader*
1577000609598	Marionette	INFO	Listening on port 52914
1577000609609	Marionette	WARN	TLS certificate errors will be ignored for this session
[GFX1-]: Receive IPC close with reason=AbnormalShutdown
Exiting due to channel error.
[GFX1-]: Receive IPC close with reason=AbnormalShutdown
[GFX1-]: Receive IPC close with reason=AbnormalShutdown
[Child 56528, Chrome_ChildThread] WARNING: pipe error: Broken pipe: file /builds/worker/workspace/build/src/ipc/chromium/src/chrome/common/ipc_channel_posix.cc, line 728
Exiting due to channel error.
Exiting due to channel error.
1577000660402	mozrunner::runner	INFO	Running command: "/Applications/Firefox.app/Contents/MacOS/firefox-bin" "-marionette" "-headless" "-foreground" "-no-remote" "-profile" "/var/folders/9z/yxn1h2lj7cq937g8b1lcqn300000gn/T/rust_mozprofile3ja4uq"
*** You are running in headless mode.
1577000660986	addons.webextension.screenshots@mozilla.org	WARN	Loading extension 'screenshots@mozilla.org': Reading manifest: Invalid extension permission: mozillaAddons
1577000660986	addons.webextension.screenshots@mozilla.org	WARN	Loading extension 'screenshots@mozilla.org': Reading manifest: Invalid extension permission: telemetry
1577000660986	addons.webextension.screenshots@mozilla.org	WARN	Loading extension 'screenshots@mozilla.org': Reading manifest: Invalid extension permission: resource://pdf.js/
1577000660986	addons.webextension.screenshots@mozilla.org	WARN	Loading extension 'screenshots@mozilla.org': Reading manifest: Invalid extension permission: about:reader*
1577000662564	Marionette	INFO	Listening on port 53386
1577000662655	Marionette	WARN	TLS certificate errors will be ignored for this session
1577000679182	Marionette	INFO	Stopped listening on port 53386
